<?xml version="1.0" encoding="UTF-8"?>
<testsuite xmlns:xsi="http://www.w3.org/2001/XMLSchema-instance" xsi:noNamespaceSchemaLocation="https://maven.apache.org/surefire/maven-surefire-plugin/xsd/surefire-test-report.xsd" name="com.webpubsub.tutorial.AppTest" time="0.02" tests="1" errors="0" skipped="0" failures="0">
  <properties>
    <property name="awt.toolkit" value="sun.awt.X11.XToolkit"/>
    <property name="file.encoding.pkg" value="sun.io"/>
    <property name="java.specification.version" value="1.8"/>
    <property name="sun.cpu.isalist" value=""/>
    <property name="sun.jnu.encoding" value="UTF-8"/>
    <property name="java.class.path" value="/workspaces/webpubsub-training/src/webpubsub-tutorial-chat/target/test-classes:/workspaces/webpubsub-training/src/webpubsub-tutorial-chat/target/classes:/home/vscode/.m2/repository/junit/junit/4.11/junit-4.11.jar:/home/vscode/.m2/repository/org/hamcrest/hamcrest-core/1.3/hamcrest-core-1.3.jar:/home/vscode/.m2/repository/io/javalin/javalin/3.13.6/javalin-3.13.6.jar:/home/vscode/.m2/repository/org/slf4j/slf4j-api/1.7.30/slf4j-api-1.7.30.jar:/home/vscode/.m2/repository/org/eclipse/jetty/jetty-server/9.4.39.v20210325/jetty-server-9.4.39.v20210325.jar:/home/vscode/.m2/repository/javax/servlet/javax.servlet-api/3.1.0/javax.servlet-api-3.1.0.jar:/home/vscode/.m2/repository/org/eclipse/jetty/jetty-http/9.4.39.v20210325/jetty-http-9.4.39.v20210325.jar:/home/vscode/.m2/repository/org/eclipse/jetty/jetty-util/9.4.39.v20210325/jetty-util-9.4.39.v20210325.jar:/home/vscode/.m2/repository/org/eclipse/jetty/jetty-io/9.4.39.v20210325/jetty-io-9.4.39.v20210325.jar:/home/vscode/.m2/repository/org/eclipse/jetty/jetty-webapp/9.4.39.v20210325/jetty-webapp-9.4.39.v20210325.jar:/home/vscode/.m2/repository/org/eclipse/jetty/jetty-xml/9.4.39.v20210325/jetty-xml-9.4.39.v20210325.jar:/home/vscode/.m2/repository/org/eclipse/jetty/jetty-servlet/9.4.39.v20210325/jetty-servlet-9.4.39.v20210325.jar:/home/vscode/.m2/repository/org/eclipse/jetty/jetty-security/9.4.39.v20210325/jetty-security-9.4.39.v20210325.jar:/home/vscode/.m2/repository/org/eclipse/jetty/jetty-util-ajax/9.4.39.v20210325/jetty-util-ajax-9.4.39.v20210325.jar:/home/vscode/.m2/repository/org/eclipse/jetty/websocket/websocket-server/9.4.39.v20210325/websocket-server-9.4.39.v20210325.jar:/home/vscode/.m2/repository/org/eclipse/jetty/websocket/websocket-common/9.4.39.v20210325/websocket-common-9.4.39.v20210325.jar:/home/vscode/.m2/repository/org/eclipse/jetty/websocket/websocket-api/9.4.39.v20210325/websocket-api-9.4.39.v20210325.jar:/home/vscode/.m2/repository/org/eclipse/jetty/websocket/websocket-client/9.4.39.v20210325/websocket-client-9.4.39.v20210325.jar:/home/vscode/.m2/repository/org/eclipse/jetty/jetty-client/9.4.39.v20210325/jetty-client-9.4.39.v20210325.jar:/home/vscode/.m2/repository/org/eclipse/jetty/websocket/websocket-servlet/9.4.39.v20210325/websocket-servlet-9.4.39.v20210325.jar:/home/vscode/.m2/repository/org/jetbrains/kotlin/kotlin-stdlib-jdk8/1.3.71/kotlin-stdlib-jdk8-1.3.71.jar:/home/vscode/.m2/repository/org/jetbrains/kotlin/kotlin-stdlib/1.3.71/kotlin-stdlib-1.3.71.jar:/home/vscode/.m2/repository/org/jetbrains/kotlin/kotlin-stdlib-common/1.3.71/kotlin-stdlib-common-1.3.71.jar:/home/vscode/.m2/repository/org/jetbrains/annotations/13.0/annotations-13.0.jar:/home/vscode/.m2/repository/org/jetbrains/kotlin/kotlin-stdlib-jdk7/1.3.71/kotlin-stdlib-jdk7-1.3.71.jar:/home/vscode/.m2/repository/org/slf4j/slf4j-simple/1.7.30/slf4j-simple-1.7.30.jar:/home/vscode/.m2/repository/com/azure/azure-messaging-webpubsub/1.0.0/azure-messaging-webpubsub-1.0.0.jar:/home/vscode/.m2/repository/com/azure/azure-core/1.23.0/azure-core-1.23.0.jar:/home/vscode/.m2/repository/com/fasterxml/jackson/core/jackson-annotations/2.12.5/jackson-annotations-2.12.5.jar:/home/vscode/.m2/repository/com/fasterxml/jackson/core/jackson-core/2.12.5/jackson-core-2.12.5.jar:/home/vscode/.m2/repository/com/fasterxml/jackson/core/jackson-databind/2.12.5/jackson-databind-2.12.5.jar:/home/vscode/.m2/repository/com/fasterxml/jackson/datatype/jackson-datatype-jsr310/2.12.5/jackson-datatype-jsr310-2.12.5.jar:/home/vscode/.m2/repository/com/fasterxml/jackson/dataformat/jackson-dataformat-xml/2.12.5/jackson-dataformat-xml-2.12.5.jar:/home/vscode/.m2/repository/com/fasterxml/jackson/module/jackson-module-jaxb-annotations/2.12.5/jackson-module-jaxb-annotations-2.12.5.jar:/home/vscode/.m2/repository/jakarta/xml/bind/jakarta.xml.bind-api/2.3.2/jakarta.xml.bind-api-2.3.2.jar:/home/vscode/.m2/repository/jakarta/activation/jakarta.activation-api/1.2.1/jakarta.activation-api-1.2.1.jar:/home/vscode/.m2/repository/org/codehaus/woodstox/stax2-api/4.2.1/stax2-api-4.2.1.jar:/home/vscode/.m2/repository/com/fasterxml/woodstox/woodstox-core/6.2.4/woodstox-core-6.2.4.jar:/home/vscode/.m2/repository/io/projectreactor/reactor-core/3.4.10/reactor-core-3.4.10.jar:/home/vscode/.m2/repository/org/reactivestreams/reactive-streams/1.0.3/reactive-streams-1.0.3.jar:/home/vscode/.m2/repository/io/netty/netty-tcnative-boringssl-static/2.0.43.Final/netty-tcnative-boringssl-static-2.0.43.Final.jar:/home/vscode/.m2/repository/com/azure/azure-core-http-netty/1.11.3/azure-core-http-netty-1.11.3.jar:/home/vscode/.m2/repository/io/netty/netty-handler/4.1.68.Final/netty-handler-4.1.68.Final.jar:/home/vscode/.m2/repository/io/netty/netty-common/4.1.68.Final/netty-common-4.1.68.Final.jar:/home/vscode/.m2/repository/io/netty/netty-resolver/4.1.68.Final/netty-resolver-4.1.68.Final.jar:/home/vscode/.m2/repository/io/netty/netty-transport/4.1.68.Final/netty-transport-4.1.68.Final.jar:/home/vscode/.m2/repository/io/netty/netty-codec/4.1.68.Final/netty-codec-4.1.68.Final.jar:/home/vscode/.m2/repository/io/netty/netty-handler-proxy/4.1.68.Final/netty-handler-proxy-4.1.68.Final.jar:/home/vscode/.m2/repository/io/netty/netty-codec-socks/4.1.68.Final/netty-codec-socks-4.1.68.Final.jar:/home/vscode/.m2/repository/io/netty/netty-buffer/4.1.68.Final/netty-buffer-4.1.68.Final.jar:/home/vscode/.m2/repository/io/netty/netty-codec-http/4.1.68.Final/netty-codec-http-4.1.68.Final.jar:/home/vscode/.m2/repository/io/netty/netty-codec-http2/4.1.68.Final/netty-codec-http2-4.1.68.Final.jar:/home/vscode/.m2/repository/io/netty/netty-transport-native-unix-common/4.1.68.Final/netty-transport-native-unix-common-4.1.68.Final.jar:/home/vscode/.m2/repository/io/netty/netty-transport-native-epoll/4.1.68.Final/netty-transport-native-epoll-4.1.68.Final-linux-x86_64.jar:/home/vscode/.m2/repository/io/netty/netty-transport-native-kqueue/4.1.68.Final/netty-transport-native-kqueue-4.1.68.Final-osx-x86_64.jar:/home/vscode/.m2/repository/io/projectreactor/netty/reactor-netty-http/1.0.11/reactor-netty-http-1.0.11.jar:/home/vscode/.m2/repository/io/netty/netty-resolver-dns/4.1.68.Final/netty-resolver-dns-4.1.68.Final.jar:/home/vscode/.m2/repository/io/netty/netty-codec-dns/4.1.68.Final/netty-codec-dns-4.1.68.Final.jar:/home/vscode/.m2/repository/io/netty/netty-resolver-dns-native-macos/4.1.68.Final/netty-resolver-dns-native-macos-4.1.68.Final-osx-x86_64.jar:/home/vscode/.m2/repository/io/projectreactor/netty/reactor-netty-core/1.0.11/reactor-netty-core-1.0.11.jar:/home/vscode/.m2/repository/com/nimbusds/nimbus-jose-jwt/9.10.1/nimbus-jose-jwt-9.10.1.jar:/home/vscode/.m2/repository/com/github/stephenc/jcip/jcip-annotations/1.0-1/jcip-annotations-1.0-1.jar:"/>
    <property name="java.vm.vendor" value="Temurin"/>
    <property name="sun.arch.data.model" value="64"/>
    <property name="java.vendor.url" value="https://adoptium.net/"/>
    <property name="user.timezone" value=""/>
    <property name="java.vm.specification.version" value="1.8"/>
    <property name="os.name" value="Linux"/>
    <property name="user.country" value="US"/>
    <property name="sun.java.launcher" value="SUN_STANDARD"/>
    <property name="sun.boot.library.path" value="/usr/local/sdkman/candidates/java/8.0.312-tem/jre/lib/amd64"/>
    <property name="sun.java.command" value="/workspaces/webpubsub-training/src/webpubsub-tutorial-chat/target/surefire/surefirebooter1371585600535636380.jar /workspaces/webpubsub-training/src/webpubsub-tutorial-chat/target/surefire 2022-01-27T11-36-20_861-jvmRun1 surefire6904903027777168158tmp surefire_03259136208287750772tmp"/>
    <property name="surefire.test.class.path" value="/workspaces/webpubsub-training/src/webpubsub-tutorial-chat/target/test-classes:/workspaces/webpubsub-training/src/webpubsub-tutorial-chat/target/classes:/home/vscode/.m2/repository/junit/junit/4.11/junit-4.11.jar:/home/vscode/.m2/repository/org/hamcrest/hamcrest-core/1.3/hamcrest-core-1.3.jar:/home/vscode/.m2/repository/io/javalin/javalin/3.13.6/javalin-3.13.6.jar:/home/vscode/.m2/repository/org/slf4j/slf4j-api/1.7.30/slf4j-api-1.7.30.jar:/home/vscode/.m2/repository/org/eclipse/jetty/jetty-server/9.4.39.v20210325/jetty-server-9.4.39.v20210325.jar:/home/vscode/.m2/repository/javax/servlet/javax.servlet-api/3.1.0/javax.servlet-api-3.1.0.jar:/home/vscode/.m2/repository/org/eclipse/jetty/jetty-http/9.4.39.v20210325/jetty-http-9.4.39.v20210325.jar:/home/vscode/.m2/repository/org/eclipse/jetty/jetty-util/9.4.39.v20210325/jetty-util-9.4.39.v20210325.jar:/home/vscode/.m2/repository/org/eclipse/jetty/jetty-io/9.4.39.v20210325/jetty-io-9.4.39.v20210325.jar:/home/vscode/.m2/repository/org/eclipse/jetty/jetty-webapp/9.4.39.v20210325/jetty-webapp-9.4.39.v20210325.jar:/home/vscode/.m2/repository/org/eclipse/jetty/jetty-xml/9.4.39.v20210325/jetty-xml-9.4.39.v20210325.jar:/home/vscode/.m2/repository/org/eclipse/jetty/jetty-servlet/9.4.39.v20210325/jetty-servlet-9.4.39.v20210325.jar:/home/vscode/.m2/repository/org/eclipse/jetty/jetty-security/9.4.39.v20210325/jetty-security-9.4.39.v20210325.jar:/home/vscode/.m2/repository/org/eclipse/jetty/jetty-util-ajax/9.4.39.v20210325/jetty-util-ajax-9.4.39.v20210325.jar:/home/vscode/.m2/repository/org/eclipse/jetty/websocket/websocket-server/9.4.39.v20210325/websocket-server-9.4.39.v20210325.jar:/home/vscode/.m2/repository/org/eclipse/jetty/websocket/websocket-common/9.4.39.v20210325/websocket-common-9.4.39.v20210325.jar:/home/vscode/.m2/repository/org/eclipse/jetty/websocket/websocket-api/9.4.39.v20210325/websocket-api-9.4.39.v20210325.jar:/home/vscode/.m2/repository/org/eclipse/jetty/websocket/websocket-client/9.4.39.v20210325/websocket-client-9.4.39.v20210325.jar:/home/vscode/.m2/repository/org/eclipse/jetty/jetty-client/9.4.39.v20210325/jetty-client-9.4.39.v20210325.jar:/home/vscode/.m2/repository/org/eclipse/jetty/websocket/websocket-servlet/9.4.39.v20210325/websocket-servlet-9.4.39.v20210325.jar:/home/vscode/.m2/repository/org/jetbrains/kotlin/kotlin-stdlib-jdk8/1.3.71/kotlin-stdlib-jdk8-1.3.71.jar:/home/vscode/.m2/repository/org/jetbrains/kotlin/kotlin-stdlib/1.3.71/kotlin-stdlib-1.3.71.jar:/home/vscode/.m2/repository/org/jetbrains/kotlin/kotlin-stdlib-common/1.3.71/kotlin-stdlib-common-1.3.71.jar:/home/vscode/.m2/repository/org/jetbrains/annotations/13.0/annotations-13.0.jar:/home/vscode/.m2/repository/org/jetbrains/kotlin/kotlin-stdlib-jdk7/1.3.71/kotlin-stdlib-jdk7-1.3.71.jar:/home/vscode/.m2/repository/org/slf4j/slf4j-simple/1.7.30/slf4j-simple-1.7.30.jar:/home/vscode/.m2/repository/com/azure/azure-messaging-webpubsub/1.0.0/azure-messaging-webpubsub-1.0.0.jar:/home/vscode/.m2/repository/com/azure/azure-core/1.23.0/azure-core-1.23.0.jar:/home/vscode/.m2/repository/com/fasterxml/jackson/core/jackson-annotations/2.12.5/jackson-annotations-2.12.5.jar:/home/vscode/.m2/repository/com/fasterxml/jackson/core/jackson-core/2.12.5/jackson-core-2.12.5.jar:/home/vscode/.m2/repository/com/fasterxml/jackson/core/jackson-databind/2.12.5/jackson-databind-2.12.5.jar:/home/vscode/.m2/repository/com/fasterxml/jackson/datatype/jackson-datatype-jsr310/2.12.5/jackson-datatype-jsr310-2.12.5.jar:/home/vscode/.m2/repository/com/fasterxml/jackson/dataformat/jackson-dataformat-xml/2.12.5/jackson-dataformat-xml-2.12.5.jar:/home/vscode/.m2/repository/com/fasterxml/jackson/module/jackson-module-jaxb-annotations/2.12.5/jackson-module-jaxb-annotations-2.12.5.jar:/home/vscode/.m2/repository/jakarta/xml/bind/jakarta.xml.bind-api/2.3.2/jakarta.xml.bind-api-2.3.2.jar:/home/vscode/.m2/repository/jakarta/activation/jakarta.activation-api/1.2.1/jakarta.activation-api-1.2.1.jar:/home/vscode/.m2/repository/org/codehaus/woodstox/stax2-api/4.2.1/stax2-api-4.2.1.jar:/home/vscode/.m2/repository/com/fasterxml/woodstox/woodstox-core/6.2.4/woodstox-core-6.2.4.jar:/home/vscode/.m2/repository/io/projectreactor/reactor-core/3.4.10/reactor-core-3.4.10.jar:/home/vscode/.m2/repository/org/reactivestreams/reactive-streams/1.0.3/reactive-streams-1.0.3.jar:/home/vscode/.m2/repository/io/netty/netty-tcnative-boringssl-static/2.0.43.Final/netty-tcnative-boringssl-static-2.0.43.Final.jar:/home/vscode/.m2/repository/com/azure/azure-core-http-netty/1.11.3/azure-core-http-netty-1.11.3.jar:/home/vscode/.m2/repository/io/netty/netty-handler/4.1.68.Final/netty-handler-4.1.68.Final.jar:/home/vscode/.m2/repository/io/netty/netty-common/4.1.68.Final/netty-common-4.1.68.Final.jar:/home/vscode/.m2/repository/io/netty/netty-resolver/4.1.68.Final/netty-resolver-4.1.68.Final.jar:/home/vscode/.m2/repository/io/netty/netty-transport/4.1.68.Final/netty-transport-4.1.68.Final.jar:/home/vscode/.m2/repository/io/netty/netty-codec/4.1.68.Final/netty-codec-4.1.68.Final.jar:/home/vscode/.m2/repository/io/netty/netty-handler-proxy/4.1.68.Final/netty-handler-proxy-4.1.68.Final.jar:/home/vscode/.m2/repository/io/netty/netty-codec-socks/4.1.68.Final/netty-codec-socks-4.1.68.Final.jar:/home/vscode/.m2/repository/io/netty/netty-buffer/4.1.68.Final/netty-buffer-4.1.68.Final.jar:/home/vscode/.m2/repository/io/netty/netty-codec-http/4.1.68.Final/netty-codec-http-4.1.68.Final.jar:/home/vscode/.m2/repository/io/netty/netty-codec-http2/4.1.68.Final/netty-codec-http2-4.1.68.Final.jar:/home/vscode/.m2/repository/io/netty/netty-transport-native-unix-common/4.1.68.Final/netty-transport-native-unix-common-4.1.68.Final.jar:/home/vscode/.m2/repository/io/netty/netty-transport-native-epoll/4.1.68.Final/netty-transport-native-epoll-4.1.68.Final-linux-x86_64.jar:/home/vscode/.m2/repository/io/netty/netty-transport-native-kqueue/4.1.68.Final/netty-transport-native-kqueue-4.1.68.Final-osx-x86_64.jar:/home/vscode/.m2/repository/io/projectreactor/netty/reactor-netty-http/1.0.11/reactor-netty-http-1.0.11.jar:/home/vscode/.m2/repository/io/netty/netty-resolver-dns/4.1.68.Final/netty-resolver-dns-4.1.68.Final.jar:/home/vscode/.m2/repository/io/netty/netty-codec-dns/4.1.68.Final/netty-codec-dns-4.1.68.Final.jar:/home/vscode/.m2/repository/io/netty/netty-resolver-dns-native-macos/4.1.68.Final/netty-resolver-dns-native-macos-4.1.68.Final-osx-x86_64.jar:/home/vscode/.m2/repository/io/projectreactor/netty/reactor-netty-core/1.0.11/reactor-netty-core-1.0.11.jar:/home/vscode/.m2/repository/com/nimbusds/nimbus-jose-jwt/9.10.1/nimbus-jose-jwt-9.10.1.jar:/home/vscode/.m2/repository/com/github/stephenc/jcip/jcip-annotations/1.0-1/jcip-annotations-1.0-1.jar:"/>
    <property name="sun.cpu.endian" value="little"/>
    <property name="user.home" value="/home/vscode"/>
    <property name="user.language" value="en"/>
    <property name="java.specification.vendor" value="Oracle Corporation"/>
    <property name="java.home" value="/usr/local/sdkman/candidates/java/8.0.312-tem/jre"/>
    <property name="basedir" value="/workspaces/webpubsub-training/src/webpubsub-tutorial-chat"/>
    <property name="file.separator" value="/"/>
    <property name="line.separator" value="&#10;"/>
    <property name="java.vm.specification.vendor" value="Oracle Corporation"/>
    <property name="java.specification.name" value="Java Platform API Specification"/>
    <property name="java.awt.graphicsenv" value="sun.awt.X11GraphicsEnvironment"/>
    <property name="surefire.real.class.path" value="/workspaces/webpubsub-training/src/webpubsub-tutorial-chat/target/surefire/surefirebooter1371585600535636380.jar"/>
    <property name="sun.boot.class.path" value="/usr/local/sdkman/candidates/java/8.0.312-tem/jre/lib/resources.jar:/usr/local/sdkman/candidates/java/8.0.312-tem/jre/lib/rt.jar:/usr/local/sdkman/candidates/java/8.0.312-tem/jre/lib/sunrsasign.jar:/usr/local/sdkman/candidates/java/8.0.312-tem/jre/lib/jsse.jar:/usr/local/sdkman/candidates/java/8.0.312-tem/jre/lib/jce.jar:/usr/local/sdkman/candidates/java/8.0.312-tem/jre/lib/charsets.jar:/usr/local/sdkman/candidates/java/8.0.312-tem/jre/lib/jfr.jar:/usr/local/sdkman/candidates/java/8.0.312-tem/jre/classes"/>
    <property name="sun.management.compiler" value="HotSpot 64-Bit Tiered Compilers"/>
    <property name="java.runtime.version" value="1.8.0_312-b07"/>
    <property name="user.name" value="vscode"/>
    <property name="path.separator" value=":"/>
    <property name="os.version" value="5.4.0-1067-azure"/>
    <property name="java.endorsed.dirs" value="/usr/local/sdkman/candidates/java/8.0.312-tem/jre/lib/endorsed"/>
    <property name="java.runtime.name" value="OpenJDK Runtime Environment"/>
    <property name="file.encoding" value="UTF-8"/>
    <property name="java.vm.name" value="OpenJDK 64-Bit Server VM"/>
    <property name="localRepository" value="/home/vscode/.m2/repository"/>
    <property name="java.vendor.url.bug" value="https://github.com/adoptium/adoptium-support/issues"/>
    <property name="java.io.tmpdir" value="/tmp"/>
    <property name="java.version" value="1.8.0_312"/>
    <property name="user.dir" value="/workspaces/webpubsub-training/src/webpubsub-tutorial-chat"/>
    <property name="os.arch" value="amd64"/>
    <property name="java.vm.specification.name" value="Java Virtual Machine Specification"/>
    <property name="java.awt.printerjob" value="sun.print.PSPrinterJob"/>
    <property name="sun.os.patch.level" value="unknown"/>
    <property name="java.library.path" value="/usr/java/packages/lib/amd64:/usr/lib64:/lib64:/lib:/usr/lib"/>
    <property name="java.vm.info" value="mixed mode"/>
    <property name="java.vendor" value="Temurin"/>
    <property name="java.vm.version" value="25.312-b07"/>
    <property name="java.ext.dirs" value="/usr/local/sdkman/candidates/java/8.0.312-tem/jre/lib/ext:/usr/java/packages/lib/ext"/>
    <property name="sun.io.unicode.encoding" value="UnicodeLittle"/>
    <property name="java.class.version" value="52.0"/>
  </properties>
  <testcase name="shouldAnswerWithTrue" classname="com.webpubsub.tutorial.AppTest" time="0.002"/>
</testsuite>